<?xml version="1.0" encoding="utf-8"?><testsuites><testsuite name="test-calculator" errors="0" failures="0" skipped="0" tests="6" time="0.095" timestamp="2024-03-06T08:15:42.887753" hostname="fv-az1215-172"><testcase classname="test_calculator" name="test_add" time="0.000"><system-out>--------------------------------- Captured Out ---------------------------------

</system-out><system-err>--------------------------------- Captured Err ---------------------------------

</system-err></testcase><testcase classname="test_calculator" name="test_subtract" time="0.000"><system-out>--------------------------------- Captured Out ---------------------------------

</system-out><system-err>--------------------------------- Captured Err ---------------------------------

</system-err></testcase><testcase classname="test_calculator" name="test_multiply" time="0.000"><system-out>--------------------------------- Captured Out ---------------------------------

</system-out><system-err>--------------------------------- Captured Err ---------------------------------

</system-err></testcase><testcase classname="test_calculator" name="test_divide" time="0.000"><system-out>--------------------------------- Captured Out ---------------------------------

</system-out><system-err>--------------------------------- Captured Err ---------------------------------

</system-err></testcase><testcase classname="test_calculator" name="test_reset" time="0.000"><system-out>--------------------------------- Captured Out ---------------------------------

</system-out><system-err>--------------------------------- Captured Err ---------------------------------

</system-err></testcase><testcase classname="test_calculator" name="test_set" time="0.000"><system-out>--------------------------------- Captured Out ---------------------------------

</system-out><system-err>--------------------------------- Captured Err ---------------------------------

</system-err></testcase></testsuite></testsuites>